<?xml version="1.0" encoding="UTF-8"?>
<!-- Generated by org.testng.reporters.JUnitReportReporter -->
<testsuite hostname="APK-HOME" failures="0" tests="1" name="listernersp.TC01" time="6.844" errors="0" timestamp="2023-08-22T20:08:38 IST" skipped="0">
  <testcase classname="listernersp.TC01" name="demo" time="6.844"/>
  <system-out/>
</testsuite> <!-- listernersp.TC01 -->
