<?xml version="1.0" encoding="UTF-8"?>
<!-- Generated by org.testng.reporters.JUnitReportReporter -->
<testsuite hostname="APK-HOME" failures="0" tests="1" name="organization.FT_Organizations_01_Test" time="12.358" errors="0" timestamp="2023-08-24T11:21:10 IST" skipped="0">
  <testcase classname="organization.FT_Organizations_01_Test" name="Creating_an_Organization_with_valid_details" time="12.358"/>
  <system-out/>
</testsuite> <!-- organization.FT_Organizations_01_Test -->
