<?xml version="1.0" encoding="UTF-8"?>
<!-- Generated by org.testng.reporters.JUnitReportReporter -->
<testsuite hostname="APK-HOME" failures="0" tests="1" name="pim.DemoData" time="0.000" errors="0" timestamp="2023-08-19T10:58:10 IST" skipped="1">
  <testcase classname="pim.DemoData" name="demo" time="0.000">
    <skipped/>
  </testcase> <!-- demo -->
  <system-out/>
</testsuite> <!-- pim.DemoData -->
